kotlin version: 2.0.21
error message: org.jetbrains.kotlin.backend.common.BackendException: Backend Internal error: Exception during IR lowering
File being compiled: D:/Gestor_Empleados/app/src/main/java/com/example/gestor_empleados/ui/screens/login/LoginScreen.kt
The root cause java.lang.RuntimeException was thrown at: org.jetbrains.kotlin.backend.jvm.codegen.FunctionCodegen.generate(FunctionCodegen.kt:47)
	at org.jetbrains.kotlin.backend.common.CodegenUtil.reportBackendException(CodegenUtil.kt:253)
	at org.jetbrains.kotlin.backend.common.CodegenUtil.reportBackendException$default(CodegenUtil.kt:236)
	at org.jetbrains.kotlin.backend.common.phaser.PerformByIrFilePhase.invokeSequential(performByIrFile.kt:65)
	at org.jetbrains.kotlin.backend.common.phaser.PerformByIrFilePhase.invoke(performByIrFile.kt:52)
	at org.jetbrains.kotlin.backend.common.phaser.PerformByIrFilePhase.invoke(performByIrFile.kt:38)
	at org.jetbrains.kotlin.backend.common.phaser.NamedCompilerPhase.phaseBody(CompilerPhase.kt:166)
	at org.jetbrains.kotlin.backend.common.phaser.AbstractNamedCompilerPhase.invoke(CompilerPhase.kt:113)
	at org.jetbrains.kotlin.backend.common.phaser.CompositePhase.invoke(PhaseBuilders.kt:27)
	at org.jetbrains.kotlin.backend.common.phaser.CompositePhase.invoke(PhaseBuilders.kt:14)
	at org.jetbrains.kotlin.backend.common.phaser.NamedCompilerPhase.phaseBody(CompilerPhase.kt:166)
	at org.jetbrains.kotlin.backend.common.phaser.AbstractNamedCompilerPhase.invoke(CompilerPhase.kt:113)
	at org.jetbrains.kotlin.backend.common.phaser.CompilerPhaseKt.invokeToplevel(CompilerPhase.kt:62)
	at org.jetbrains.kotlin.backend.jvm.JvmIrCodegenFactory.invokeCodegen(JvmIrCodegenFactory.kt:371)
	at org.jetbrains.kotlin.codegen.CodegenFactory.generateModule(CodegenFactory.kt:47)
	at org.jetbrains.kotlin.backend.jvm.JvmIrCodegenFactory.generateModuleInFrontendIRMode(JvmIrCodegenFactory.kt:433)
	at org.jetbrains.kotlin.cli.jvm.compiler.pipeline.JvmCompilerPipelineKt.generateCodeFromIr(jvmCompilerPipeline.kt:246)
	at org.jetbrains.kotlin.cli.jvm.compiler.pipeline.JvmCompilerPipelineKt.compileModulesUsingFrontendIrAndLightTree(jvmCompilerPipeline.kt:142)
	at org.jetbrains.kotlin.cli.jvm.K2JVMCompiler.doExecute(K2JVMCompiler.kt:148)
	at org.jetbrains.kotlin.cli.jvm.K2JVMCompiler.doExecute(K2JVMCompiler.kt:43)
	at org.jetbrains.kotlin.cli.common.CLICompiler.execImpl(CLICompiler.kt:103)
	at org.jetbrains.kotlin.cli.common.CLICompiler.execImpl(CLICompiler.kt:49)
	at org.jetbrains.kotlin.cli.common.CLITool.exec(CLITool.kt:101)
	at org.jetbrains.kotlin.incremental.IncrementalJvmCompilerRunner.runCompiler(IncrementalJvmCompilerRunner.kt:464)
	at org.jetbrains.kotlin.incremental.IncrementalJvmCompilerRunner.runCompiler(IncrementalJvmCompilerRunner.kt:73)
	at org.jetbrains.kotlin.incremental.IncrementalCompilerRunner.doCompile(IncrementalCompilerRunner.kt:506)
	at org.jetbrains.kotlin.incremental.IncrementalCompilerRunner.compileImpl(IncrementalCompilerRunner.kt:423)
	at org.jetbrains.kotlin.incremental.IncrementalCompilerRunner.tryCompileIncrementally$lambda$9$compile(IncrementalCompilerRunner.kt:249)
	at org.jetbrains.kotlin.incremental.IncrementalCompilerRunner.tryCompileIncrementally(IncrementalCompilerRunner.kt:267)
	at org.jetbrains.kotlin.incremental.IncrementalCompilerRunner.compile(IncrementalCompilerRunner.kt:120)
	at org.jetbrains.kotlin.daemon.CompileServiceImplBase.execIncrementalCompiler(CompileServiceImpl.kt:675)
	at org.jetbrains.kotlin.daemon.CompileServiceImplBase.access$execIncrementalCompiler(CompileServiceImpl.kt:92)
	at org.jetbrains.kotlin.daemon.CompileServiceImpl.compile(CompileServiceImpl.kt:1660)
	at java.base/jdk.internal.reflect.DirectMethodHandleAccessor.invoke(Unknown Source)
	at java.base/java.lang.reflect.Method.invoke(Unknown Source)
	at java.rmi/sun.rmi.server.UnicastServerRef.dispatch(Unknown Source)
	at java.rmi/sun.rmi.transport.Transport$1.run(Unknown Source)
	at java.rmi/sun.rmi.transport.Transport$1.run(Unknown Source)
	at java.base/java.security.AccessController.doPrivileged(Unknown Source)
	at java.rmi/sun.rmi.transport.Transport.serviceCall(Unknown Source)
	at java.rmi/sun.rmi.transport.tcp.TCPTransport.handleMessages(Unknown Source)
	at java.rmi/sun.rmi.transport.tcp.TCPTransport$ConnectionHandler.run0(Unknown Source)
	at java.rmi/sun.rmi.transport.tcp.TCPTransport$ConnectionHandler.lambda$run$0(Unknown Source)
	at java.base/java.security.AccessController.doPrivileged(Unknown Source)
	at java.rmi/sun.rmi.transport.tcp.TCPTransport$ConnectionHandler.run(Unknown Source)
	at java.base/java.util.concurrent.ThreadPoolExecutor.runWorker(Unknown Source)
	at java.base/java.util.concurrent.ThreadPoolExecutor$Worker.run(Unknown Source)
	at java.base/java.lang.Thread.run(Unknown Source)
Caused by: java.lang.RuntimeException: Exception while generating code for:
FUN name:LoginScreen visibility:public modality:FINAL <> (onLoginSuccess:kotlin.Function0<kotlin.Unit>) returnType:kotlin.Unit
  annotations:
    Composable
  VALUE_PARAMETER name:onLoginSuccess index:0 type:kotlin.Function0<kotlin.Unit>
  BLOCK_BODY
    VAR name:viewModel type:com.example.gestor_empleados.viewmodel.LoginViewModel [val]
      TYPE_OP type=com.example.gestor_empleados.viewmodel.LoginViewModel origin=IMPLICIT_CAST typeOperand=com.example.gestor_empleados.viewmodel.LoginViewModel
        CALL 'public final fun viewModel$default <VM> (viewModelStoreOwner: androidx.lifecycle.ViewModelStoreOwner?, key: kotlin.String?, factory: androidx.lifecycle.ViewModelProvider.Factory?, extras: androidx.lifecycle.viewmodel.CreationExtras?, $mask0: kotlin.Int, $handler: kotlin.Any?): VM of androidx.lifecycle.viewmodel.compose.ViewModelKt.viewModel$default [inline] declared in androidx.lifecycle.viewmodel.compose.ViewModelKt' type=VM of androidx.lifecycle.viewmodel.compose.ViewModelKt.viewModel$default origin=DEFAULT_DISPATCH_CALL
          <VM>: com.example.gestor_empleados.viewmodel.LoginViewModel
          viewModelStoreOwner: COMPOSITE type=androidx.lifecycle.ViewModelStoreOwner? origin=DEFAULT_VALUE
            CONST Null type=androidx.lifecycle.ViewModelStoreOwner? value=null
          key: COMPOSITE type=kotlin.String? origin=DEFAULT_VALUE
            CONST Null type=kotlin.String? value=null
          factory: COMPOSITE type=androidx.lifecycle.ViewModelProvider.Factory? origin=DEFAULT_VALUE
            CONST Null type=androidx.lifecycle.ViewModelProvider.Factory? value=null
          extras: COMPOSITE type=androidx.lifecycle.viewmodel.CreationExtras? origin=DEFAULT_VALUE
            CONST Null type=androidx.lifecycle.viewmodel.CreationExtras? value=null
          $mask0: CONST Int type=kotlin.Int value=15
          $handler: CONST Null type=kotlin.Any? value=null
    VAR PROPERTY_DELEGATE name:uiState$delegate type:androidx.compose.runtime.State<com.example.gestor_empleados.viewmodel.LoginUiState> [val]
      TYPE_OP type=androidx.compose.runtime.State<com.example.gestor_empleados.viewmodel.LoginUiState> origin=IMPLICIT_CAST typeOperand=androidx.compose.runtime.State<com.example.gestor_empleados.viewmodel.LoginUiState>
        CALL 'public final fun collectAsState$default <T> (context: kotlin.coroutines.CoroutineContext?, $mask0: kotlin.Int, $handler: kotlin.Any?): androidx.compose.runtime.State<T of androidx.compose.runtime.SnapshotStateKt.collectAsState$default> declared in androidx.compose.runtime.SnapshotStateKt' type=androidx.compose.runtime.State<T of androidx.compose.runtime.SnapshotStateKt.collectAsState$default> origin=DEFAULT_DISPATCH_CALL
          <T>: com.example.gestor_empleados.viewmodel.LoginUiState
          $receiver: CALL 'public final fun <get-uiState> (): kotlinx.coroutines.flow.StateFlow<com.example.gestor_empleados.viewmodel.LoginUiState> declared in com.example.gestor_empleados.viewmodel.LoginViewModel' type=kotlinx.coroutines.flow.StateFlow<com.example.gestor_empleados.viewmodel.LoginUiState> origin=GET_PROPERTY
            $this: GET_VAR 'val viewModel: com.example.gestor_empleados.viewmodel.LoginViewModel [val] declared in com.example.gestor_empleados.ui.screens.login.LoginScreenKt.LoginScreen' type=com.example.gestor_empleados.viewmodel.LoginViewModel origin=null
          context: COMPOSITE type=kotlin.coroutines.CoroutineContext? origin=DEFAULT_VALUE
            CONST Null type=kotlin.coroutines.CoroutineContext? value=null
          $mask0: CONST Int type=kotlin.Int value=1
          $handler: CONST Null type=kotlin.Any? value=null
    VAR PROPERTY_DELEGATE name:email$delegate type:androidx.compose.runtime.MutableState<kotlin.String> [val]
      CALL 'public final fun remember <T> (calculation: @[DisallowComposableCalls] kotlin.Function0<T of androidx.compose.runtime.ComposablesKt.remember>): T of androidx.compose.runtime.ComposablesKt.remember [inline] declared in androidx.compose.runtime.ComposablesKt' type=androidx.compose.runtime.MutableState<kotlin.String> origin=null
        <T>: androidx.compose.runtime.MutableState<kotlin.String>
        calculation: BLOCK type=kotlin.Function0<androidx.compose.runtime.MutableState<kotlin.String>> origin=LAMBDA
          COMPOSITE type=kotlin.Unit origin=null
          FUNCTION_REFERENCE 'private final fun LoginScreen$lambda$1 (): androidx.compose.runtime.MutableState<kotlin.String> declared in com.example.gestor_empleados.ui.screens.login.LoginScreenKt' type=kotlin.Function0<androidx.compose.runtime.MutableState<kotlin.String>> origin=INLINE_LAMBDA reflectionTarget=null
    VAR PROPERTY_DELEGATE name:password$delegate type:androidx.compose.runtime.MutableState<kotlin.String> [val]
      CALL 'public final fun remember <T> (calculation: @[DisallowComposableCalls] kotlin.Function0<T of androidx.compose.runtime.ComposablesKt.remember>): T of androidx.compose.runtime.ComposablesKt.remember [inline] declared in androidx.compose.runtime.ComposablesKt' type=androidx.compose.runtime.MutableState<kotlin.String> origin=null
        <T>: androidx.compose.runtime.MutableState<kotlin.String>
        calculation: BLOCK type=kotlin.Function0<androidx.compose.runtime.MutableState<kotlin.String>> origin=LAMBDA
          COMPOSITE type=kotlin.Unit origin=null
          FUNCTION_REFERENCE 'private final fun LoginScreen$lambda$4 (): androidx.compose.runtime.MutableState<kotlin.String> declared in com.example.gestor_empleados.ui.screens.login.LoginScreenKt' type=kotlin.Function0<androidx.compose.runtime.MutableState<kotlin.String>> origin=INLINE_LAMBDA reflectionTarget=null
    CALL 'public final fun LaunchedEffect (key1: kotlin.Any?, block: @[ExtensionFunctionType] kotlin.coroutines.SuspendFunction1<kotlinx.coroutines.CoroutineScope, kotlin.Unit>): kotlin.Unit declared in androidx.compose.runtime.EffectsKt' type=kotlin.Unit origin=null
      key1: CALL 'public final fun <get-loginExitoso> (): kotlin.Boolean declared in com.example.gestor_empleados.viewmodel.LoginUiState' type=kotlin.Boolean origin=GET_PROPERTY
        $this: CALL 'private final fun LoginScreen$lambda$0 ($uiState$delegate: androidx.compose.runtime.State<com.example.gestor_empleados.viewmodel.LoginUiState>): com.example.gestor_empleados.viewmodel.LoginUiState declared in com.example.gestor_empleados.ui.screens.login.LoginScreenKt' type=com.example.gestor_empleados.viewmodel.LoginUiState origin=GET_LOCAL_PROPERTY
          $uiState$delegate: GET_VAR 'val uiState$delegate: androidx.compose.runtime.State<com.example.gestor_empleados.viewmodel.LoginUiState> [val] declared in com.example.gestor_empleados.ui.screens.login.LoginScreenKt.LoginScreen' type=androidx.compose.runtime.State<com.example.gestor_empleados.viewmodel.LoginUiState> origin=null
      block: BLOCK type=com.example.gestor_empleados.ui.screens.login.LoginScreenKt.LoginScreen.<no name provided> origin=null
        CLASS SUSPEND_LAMBDA CLASS name:<no name provided> modality:FINAL visibility:public/*package*/ superTypes:[kotlin.coroutines.jvm.internal.SuspendLambda; kotlin.jvm.functions.Function2<kotlinx.coroutines.CoroutineScope, kotlin.coroutines.Continuation<kotlin.Unit>?, kotlin.Any?>]
          $this: VALUE_PARAMETER INSTANCE_RECEIVER name:<this> type:com.example.gestor_empleados.ui.screens.login.LoginScreenKt.LoginScreen.<no name provided>
          FIELD name:label type:kotlin.Int visibility:public/*package*/
          CONSTRUCTOR SUSPEND_LAMBDA visibility:public/*package*/ <> ($onLoginSuccess:kotlin.Function0<kotlin.Unit>, $uiState$delegate:androidx.compose.runtime.State<com.example.gestor_empleados.viewmodel.LoginUiState>, $completion:kotlin.coroutines.Continuation<com.example.gestor_empleados.ui.screens.login.LoginScreenKt.LoginScreen.<no name provided>>?) returnType:com.example.gestor_empleados.ui.screens.login.LoginScreenKt.LoginScreen.<no name provided> [primary]
            VALUE_PARAMETER BOUND_VALUE_PARAMETER name:$onLoginSuccess index:0 type:kotlin.Function0<kotlin.Unit>
            VALUE_PARAMETER BOUND_VALUE_PARAMETER name:$uiState$delegate index:1 type:androidx.compose.runtime.State<com.example.gestor_empleados.viewmodel.LoginUiState>
            VALUE_PARAMETER name:$completion index:2 type:kotlin.coroutines.Continuation<com.example.gestor_empleados.ui.screens.login.LoginScreenKt.LoginScreen.<no name provided>>?
            BLOCK_BODY
              SET_FIELD 'FIELD FIELD_FOR_CAPTURED_VALUE name:$onLoginSuccess type:kotlin.Function0<kotlin.Unit> visibility:public/*package*/ [final] declared in com.example.gestor_empleados.ui.screens.login.LoginScreenKt.LoginScreen.<no name provided>' type=kotlin.Unit origin=INITIALIZER_OF_FIELD_FOR_CAPTURED_VALUE
                receiver: GET_VAR '<this>: com.example.gestor_empleados.ui.screens.login.LoginScreenKt.LoginScreen.<no name provided> declared in com.example.gestor_empleados.ui.screens.login.LoginScreenKt.LoginScreen.<no name provided>' type=com.example.gestor_empleados.ui.screens.login.LoginScreenKt.LoginScreen.<no name provided> origin=null
                value: GET_VAR '$onLoginSuccess: kotlin.Function0<kotlin.Unit> declared in com.example.gestor_empleados.ui.screens.login.LoginScreenKt.LoginScreen.<no name provided>.<init>' type=kotlin.Function0<kotlin.Unit> origin=null
              SET_FIELD 'FIELD FIELD_FOR_CAPTURED_VALUE name:$uiState$delegate type:androidx.compose.runtime.State<com.example.gestor_empleados.viewmodel.LoginUiState> visibility:public/*package*/ [final] declared in com.example.gestor_empleados.ui.screens.login.LoginScreenKt.LoginScreen.<no name provided>' type=kotlin.Unit origin=INITIALIZER_OF_FIELD_FOR_CAPTURED_VALUE
                receiver: GET_VAR '<this>: com.example.gestor_empleados.ui.screens.login.LoginScreenKt.LoginScreen.<no name provided> declared in com.example.gestor_empleados.ui.screens.login.LoginScreenKt.LoginScreen.<no name provided>' type=com.example.gestor_empleados.ui.screens.login.LoginScreenKt.LoginScreen.<no name provided> origin=null
                value: GET_VAR '$uiState$delegate: androidx.compose.runtime.State<com.example.gestor_empleados.viewmodel.LoginUiState> declared in com.example.gestor_empleados.ui.screens.login.LoginScreenKt.LoginScreen.<no name provided>.<init>' type=androidx.compose.runtime.State<com.example.gestor_empleados.viewmodel.LoginUiState> origin=null
              DELEGATING_CONSTRUCTOR_CALL 'public constructor <init> (arity: kotlin.Int, $completion: kotlin.coroutines.Continuation<kotlin.Any?>?) declared in kotlin.coroutines.jvm.internal.SuspendLambda'
                arity: CONST Int type=kotlin.Int value=2
                $completion: GET_VAR '$completion: kotlin.coroutines.Continuation<com.example.gestor_empleados.ui.screens.login.LoginScreenKt.LoginScreen.<no name provided>>? declared in com.example.gestor_empleados.ui.screens.login.LoginScreenKt.LoginScreen.<no name provided>.<init>' type=kotlin.coroutines.Continuation<com.example.gestor_empleados.ui.screens.login.LoginScreenKt.LoginScreen.<no name provided>>? origin=null
              BLOCK type=kotlin.Unit origin=null
          FUN name:invokeSuspend visibility:public modality:FINAL <> ($this:com.example.gestor_empleados.ui.screens.login.LoginScreenKt.LoginScreen.<no name provided>, $result:kotlin.Result<kotlin.Any?>) returnType:kotlin.Any?
            overridden:
              protected abstract fun invokeSuspend ($result: kotlin.Result<kotlin.Any?>): kotlin.Any? declared in kotlin.coroutines.jvm.internal.SuspendLambda
            $this: VALUE_PARAMETER INSTANCE_RECEIVER name:<this> type:com.example.gestor_empleados.ui.screens.login.LoginScreenKt.LoginScreen.<no name provided>
            VALUE_PARAMETER name:$result index:0 type:kotlin.Result<kotlin.Any?>
            BLOCK_BODY
              WHEN type=kotlin.Unit origin=IF
                BRANCH
                  if: CALL 'public final fun <get-loginExitoso> (): kotlin.Boolean declared in com.example.gestor_empleados.viewmodel.LoginUiState' type=kotlin.Boolean origin=GET_PROPERTY
                    $this: CALL 'public final fun access$LoginScreen$lambda$0 ($uiState$delegate: androidx.compose.runtime.State<com.example.gestor_empleados.viewmodel.LoginUiState>): com.example.gestor_empleados.viewmodel.LoginUiState declared in com.example.gestor_empleados.ui.screens.login.LoginScreenKt' type=com.example.gestor_empleados.viewmodel.LoginUiState origin=GET_LOCAL_PROPERTY
                      $uiState$delegate: GET_FIELD 'FIELD FIELD_FOR_CAPTURED_VALUE name:$uiState$delegate type:androidx.compose.runtime.State<com.example.gestor_empleados.viewmodel.LoginUiState> visibility:public/*package*/ [final] declared in com.example.gestor_empleados.ui.screens.login.LoginScreenKt.LoginScreen.<no name provided>' type=androidx.compose.runtime.State<com.example.gestor_empleados.viewmodel.LoginUiState> origin=null
                        receiver: GET_VAR '<this>: com.example.gestor_empleados.ui.screens.login.LoginScreenKt.LoginScreen.<no name provided> declared in com.example.gestor_empleados.ui.screens.login.LoginScreenKt.LoginScreen.<no name provided>.invokeSuspend' type=com.example.gestor_empleados.ui.screens.login.LoginScreenKt.LoginScreen.<no name provided> origin=null
                  then: BLOCK type=kotlin.Unit origin=null
                    CALL 'public abstract fun invoke (): R of kotlin.Function0 [operator] declared in kotlin.Function0' type=kotlin.Unit origin=INVOKE
                      $this: GET_FIELD 'FIELD FIELD_FOR_CAPTURED_VALUE name:$onLoginSuccess type:kotlin.Function0<kotlin.Unit> visibility:public/*package*/ [final] declared in com.example.gestor_empleados.ui.screens.login.LoginScreenKt.LoginScreen.<no name provided>' type=kotlin.Function0<kotlin.Unit> origin=null
                        receiver: GET_VAR '<this>: com.example.gestor_empleados.ui.screens.login.LoginScreenKt.LoginScreen.<no name provided> declared in com.example.gestor_empleados.ui.screens.login.LoginScreenKt.LoginScreen.<no name provided>.invokeSuspend' type=com.example.gestor_empleados.ui.screens.login.LoginScreenKt.LoginScreen.<no name provided> origin=null
          FUN name:create visibility:public modality:FINAL <> ($this:com.example.gestor_empleados.ui.screens.login.LoginScreenKt.LoginScreen.<no name provided>, value:kotlin.Any?, $completion:kotlin.coroutines.Continuation<kotlin.Nothing>) returnType:kotlin.coroutines.Continuation<kotlin.Unit>
            overridden:
              public open fun create (value: kotlin.Any?, $completion: kotlin.coroutines.Continuation<kotlin.Nothing>): kotlin.coroutines.Continuation<kotlin.Unit> declared in kotlin.coroutines.jvm.internal.SuspendLambda
            $this: VALUE_PARAMETER INSTANCE_RECEIVER name:<this> type:com.example.gestor_empleados.ui.screens.login.LoginScreenKt.LoginScreen.<no name provided>
            VALUE_PARAMETER name:value index:0 type:kotlin.Any?
            VALUE_PARAMETER name:$completion index:1 type:kotlin.coroutines.Continuation<kotlin.Nothing>
            BLOCK_BODY
              RETURN type=kotlin.Nothing from='public final fun create (value: kotlin.Any?, $completion: kotlin.coroutines.Continuation<kotlin.Nothing>): kotlin.coroutines.Continuation<kotlin.Unit> declared in com.example.gestor_empleados.ui.screens.login.LoginScreenKt.LoginScreen.<no name provided>'
                CONSTRUCTOR_CALL 'public/*package*/ constructor <init> ($onLoginSuccess: kotlin.Function0<kotlin.Unit>, $uiState$delegate: androidx.compose.runtime.State<com.example.gestor_empleados.viewmodel.LoginUiState>, $completion: kotlin.coroutines.Continuation<com.example.gestor_empleados.ui.screens.login.LoginScreenKt.LoginScreen.<no name provided>>?) [primary] declared in com.example.gestor_empleados.ui.screens.login.LoginScreenKt.LoginScreen.<no name provided>' type=com.example.gestor_empleados.ui.screens.login.LoginScreenKt.LoginScreen.<no name provided> origin=null
                  $onLoginSuccess: GET_FIELD 'FIELD FIELD_FOR_CAPTURED_VALUE name:$onLoginSuccess type:kotlin.Function0<kotlin.Unit> visibility:public/*package*/ [final] declared in com.example.gestor_empleados.ui.screens.login.LoginScreenKt.LoginScreen.<no name provided>' type=kotlin.Function0<kotlin.Unit> origin=null
                    receiver: GET_VAR '<this>: com.example.gestor_empleados.ui.screens.login.LoginScreenKt.LoginScreen.<no name provided> declared in com.example.gestor_empleados.ui.screens.login.LoginScreenKt.LoginScreen.<no name provided>.create' type=com.example.gestor_empleados.ui.screens.login.LoginScreenKt.LoginScreen.<no name provided> origin=null
                  $uiState$delegate: GET_FIELD 'FIELD FIELD_FOR_CAPTURED_VALUE name:$uiState$delegate type:androidx.compose.runtime.State<com.example.gestor_empleados.viewmodel.LoginUiState> visibility:public/*package*/ [final] declared in com.example.gestor_empleados.ui.screens.login.LoginScreenKt.LoginScreen.<no name provided>' type=androidx.compose.runtime.State<com.example.gestor_empleados.viewmodel.LoginUiState> origin=null
                    receiver: GET_VAR '<this>: com.example.gestor_empleados.ui.screens.login.LoginScreenKt.LoginScreen.<no name provided> declared in com.example.gestor_empleados.ui.screens.login.LoginScreenKt.LoginScreen.<no name provided>.create' type=com.example.gestor_empleados.ui.screens.login.LoginScreenKt.LoginScreen.<no name provided> origin=null
                  $completion: GET_VAR '$completion: kotlin.coroutines.Continuation<kotlin.Nothing> declared in com.example.gestor_empleados.ui.screens.login.LoginScreenKt.LoginScreen.<no name provided>.create' type=kotlin.coroutines.Continuation<kotlin.Nothing> origin=null
          FUN name:invoke visibility:public modality:FINAL <> ($this:com.example.gestor_empleados.ui.screens.login.LoginScreenKt.LoginScreen.<no name provided>, p1:kotlinx.coroutines.CoroutineScope, p2:kotlin.coroutines.Continuation<kotlin.Unit>?) returnType:kotlin.Any?
            overridden:
              public abstract fun invoke (p1: P1 of kotlin.jvm.functions.Function2, p2: P2 of kotlin.jvm.functions.Function2): R of kotlin.jvm.functions.Function2 declared in kotlin.jvm.functions.Function2
            $this: VALUE_PARAMETER INSTANCE_RECEIVER name:<this> type:com.example.gestor_empleados.ui.screens.login.LoginScreenKt.LoginScreen.<no name provided>
            VALUE_PARAMETER name:p1 index:0 type:kotlinx.coroutines.CoroutineScope
            VALUE_PARAMETER name:p2 index:1 type:kotlin.coroutines.Continuation<kotlin.Unit>?
            BLOCK_BODY
              RETURN type=kotlin.Nothing from='public final fun invoke (p1: kotlinx.coroutines.CoroutineScope, p2: kotlin.coroutines.Continuation<kotlin.Unit>?): kotlin.Any? declared in com.example.gestor_empleados.ui.screens.login.LoginScreenKt.LoginScreen.<no name provided>'
                CALL 'public final fun invokeSuspend ($result: kotlin.Result<kotlin.Any?>): kotlin.Any? declared in com.example.gestor_empleados.ui.screens.login.LoginScreenKt.LoginScreen.<no name provided>' type=kotlin.Any? origin=null
                  $this: TYPE_OP type=com.example.gestor_empleados.ui.screens.login.LoginScreenKt.LoginScreen.<no name provided> origin=IMPLICIT_CAST typeOperand=com.example.gestor_empleados.ui.screens.login.LoginScreenKt.LoginScreen.<no name provided>
                    CALL 'public final fun create (value: kotlin.Any?, $completion: kotlin.coroutines.Continuation<kotlin.Nothing>): kotlin.coroutines.Continuation<kotlin.Unit> declared in com.example.gestor_empleados.ui.screens.login.LoginScreenKt.LoginScreen.<no name provided>' type=kotlin.coroutines.Continuation<kotlin.Unit> origin=null
                      $this: GET_VAR '<this>: com.example.gestor_empleados.ui.screens.login.LoginScreenKt.LoginScreen.<no name provided> declared in com.example.gestor_empleados.ui.screens.login.LoginScreenKt.LoginScreen.<no name provided>.invoke' type=com.example.gestor_empleados.ui.screens.login.LoginScreenKt.LoginScreen.<no name provided> origin=null
                      value: GET_VAR 'p1: kotlinx.coroutines.CoroutineScope declared in com.example.gestor_empleados.ui.screens.login.LoginScreenKt.LoginScreen.<no name provided>.invoke' type=kotlinx.coroutines.CoroutineScope origin=null
                      $completion: GET_VAR 'p2: kotlin.coroutines.Continuation<kotlin.Unit>? declared in com.example.gestor_empleados.ui.screens.login.LoginScreenKt.LoginScreen.<no name provided>.invoke' type=kotlin.coroutines.Continuation<kotlin.Unit>? origin=null
                  $result: CALL 'public final fun <unsafe-coerce> <T, R> (v: T of kotlin.jvm.internal.<unsafe-coerce>): R of kotlin.jvm.internal.<unsafe-coerce> declared in kotlin.jvm.internal' type=kotlin.Result<kotlin.Any?> origin=null
                    <T>: kotlin.Any?
                    <R>: kotlin.Result<kotlin.Any?>
                    v: GET_FIELD 'FIELD FIELD_FOR_OBJECT_INSTANCE name:INSTANCE type:kotlin.Unit visibility:public [final,static] declared in kotlin.Unit' type=kotlin.Unit origin=null
          FIELD FIELD_FOR_CAPTURED_VALUE name:$onLoginSuccess type:kotlin.Function0<kotlin.Unit> visibility:public/*package*/ [final]
          FIELD FIELD_FOR_CAPTURED_VALUE name:$uiState$delegate type:androidx.compose.runtime.State<com.example.gestor_empleados.viewmodel.LoginUiState> visibility:public/*package*/ [final]
          FUN BRIDGE name:invoke visibility:public modality:OPEN <> ($this:com.example.gestor_empleados.ui.screens.login.LoginScreenKt.LoginScreen.<no name provided>, p1:kotlin.Any?, p2:kotlin.Any?) returnType:kotlin.Any?
            $this: VALUE_PARAMETER INSTANCE_RECEIVER name:<this> type:com.example.gestor_empleados.ui.screens.login.LoginScreenKt.LoginScreen.<no name provided>
            VALUE_PARAMETER BRIDGE name:p1 index:0 type:kotlin.Any?
            VALUE_PARAMETER BRIDGE name:p2 index:1 type:kotlin.Any?
            EXPRESSION_BODY
              RETURN type=kotlin.Nothing from='public open fun invoke (p1: kotlin.Any?, p2: kotlin.Any?): kotlin.Any? declared in com.example.gestor_empleados.ui.screens.login.LoginScreenKt.LoginScreen.<no name provided>'
                CALL 'public final fun invoke (p1: kotlinx.coroutines.CoroutineScope, p2: kotlin.coroutines.Continuation<kotlin.Unit>?): kotlin.Any? declared in com.example.gestor_empleados.ui.screens.login.LoginScreenKt.LoginScreen.<no name provided>' type=kotlin.Any? origin=BRIDGE_DELEGATION
                  $this: GET_VAR '<this>: com.example.gestor_empleados.ui.screens.login.LoginScreenKt.LoginScreen.<no name provided> declared in com.example.gestor_empleados.ui.screens.login.LoginScreenKt.LoginScreen.<no name provided>.invoke' type=com.example.gestor_empleados.ui.screens.login.LoginScreenKt.LoginScreen.<no name provided> origin=null
                  p1: TYPE_OP type=kotlinx.coroutines.CoroutineScope origin=IMPLICIT_CAST typeOperand=kotlinx.coroutines.CoroutineScope
                    GET_VAR 'p1: kotlin.Any? declared in com.example.gestor_empleados.ui.screens.login.LoginScreenKt.LoginScreen.<no name provided>.invoke' type=kotlin.Any? origin=null
                  p2: TYPE_OP type=kotlin.coroutines.Continuation<*> origin=IMPLICIT_CAST typeOperand=kotlin.coroutines.Continuation<*>
                    GET_VAR 'p2: kotlin.Any? declared in com.example.gestor_empleados.ui.screens.login.LoginScreenKt.LoginScreen.<no name provided>.invoke' type=kotlin.Any? origin=null
        CONSTRUCTOR_CALL 'public/*package*/ constructor <init> ($onLoginSuccess: kotlin.Function0<kotlin.Unit>, $uiState$delegate: androidx.compose.runtime.State<com.example.gestor_empleados.viewmodel.LoginUiState>, $completion: kotlin.coroutines.Continuation<com.example.gestor_empleados.ui.screens.login.LoginScreenKt.LoginScreen.<no name provided>>?) [primary] declared in com.example.gestor_empleados.ui.screens.login.LoginScreenKt.LoginScreen.<no name provided>' type=com.example.gestor_empleados.ui.screens.login.LoginScreenKt.LoginScreen.<no name provided> origin=null
          $onLoginSuccess: GET_VAR 'onLoginSuccess: kotlin.Function0<kotlin.Unit> declared in com.example.gestor_empleados.ui.screens.login.LoginScreenKt.LoginScreen' type=kotlin.Function0<kotlin.Unit> origin=null
          $uiState$delegate: GET_VAR 'val uiState$delegate: androidx.compose.runtime.State<com.example.gestor_empleados.viewmodel.LoginUiState> [val] declared in com.example.gestor_empleados.ui.screens.login.LoginScreenKt.LoginScreen' type=androidx.compose.runtime.State<com.example.gestor_empleados.viewmodel.LoginUiState> origin=null
          $completion: CONST Null type=kotlin.Nothing? value=null
    CALL 'public final fun Column (modifier: androidx.compose.ui.Modifier, verticalArrangement: androidx.compose.foundation.layout.Arrangement.Vertical, horizontalAlignment: androidx.compose.ui.Alignment.Horizontal, content: @[Composable] @[ExtensionFunctionType] kotlin.Function1<androidx.compose.foundation.layout.ColumnScope, kotlin.Unit>): kotlin.Unit [inline] declared in androidx.compose.foundation.layout.ColumnKt' type=kotlin.Unit origin=null
      modifier: CALL 'public final fun padding-3ABfNKs (all: androidx.compose.ui.unit.Dp): androidx.compose.ui.Modifier declared in androidx.compose.foundation.layout.PaddingKt' type=androidx.compose.ui.Modifier origin=null
        $receiver: CALL 'public final fun fillMaxSize$default (fraction: kotlin.Float, $mask0: kotlin.Int, $handler: kotlin.Any?): androidx.compose.ui.Modifier declared in androidx.compose.foundation.layout.SizeKt' type=androidx.compose.ui.Modifier origin=DEFAULT_DISPATCH_CALL
          $receiver: GET_FIELD 'FIELD FIELD_FOR_OBJECT_INSTANCE name:Companion type:androidx.compose.ui.Modifier.Companion visibility:public [final,static] declared in androidx.compose.ui.Modifier' type=androidx.compose.ui.Modifier.Companion origin=null
          fraction: COMPOSITE type=kotlin.Float origin=DEFAULT_VALUE
            CONST Float type=kotlin.Float value=0.0
          $mask0: CONST Int type=kotlin.Int value=1
          $handler: CONST Null type=kotlin.Any? value=null
        all: CALL 'public final fun <get-dp> (): androidx.compose.ui.unit.Dp [inline] declared in androidx.compose.ui.unit.DpKt' type=androidx.compose.ui.unit.Dp origin=GET_PROPERTY
          $receiver: CONST Int type=kotlin.Int value=16
      verticalArrangement: CALL 'public final fun <get-Center> (): androidx.compose.foundation.layout.Arrangement.HorizontalOrVertical declared in androidx.compose.foundation.layout.Arrangement' type=androidx.compose.foundation.layout.Arrangement.HorizontalOrVertical origin=GET_PROPERTY
        $this: GET_FIELD 'FIELD FIELD_FOR_OBJECT_INSTANCE name:INSTANCE type:androidx.compose.foundation.layout.Arrangement visibility:public [final,static] declared in androidx.compose.foundation.layout.Arrangement' type=androidx.compose.foundation.layout.Arrangement origin=null
      horizontalAlignment: CALL 'public final fun <get-CenterHorizontally> (): androidx.compose.ui.Alignment.Horizontal declared in androidx.compose.ui.Alignment.Companion' type=androidx.compose.ui.Alignment.Horizontal origin=GET_PROPERTY
        $this: GET_FIELD 'FIELD FIELD_FOR_OBJECT_INSTANCE name:Companion type:androidx.compose.ui.Alignment.Companion visibility:public [final,static] declared in androidx.compose.ui.Alignment' type=androidx.compose.ui.Alignment.Companion origin=null
      content: BLOCK type=@[ExtensionFunctionType] kotlin.Function1<androidx.compose.foundation.layout.ColumnScope, kotlin.Unit> origin=LAMBDA
        COMPOSITE type=kotlin.Unit origin=null
        FUNCTION_REFERENCE 'private final fun LoginScreen$lambda$14 ($email$delegate: androidx.compose.runtime.MutableState<kotlin.String>, $password$delegate: androidx.compose.runtime.MutableState<kotlin.String>, $uiState$delegate: androidx.compose.runtime.State<com.example.gestor_empleados.viewmodel.LoginUiState>, $viewModel: com.example.gestor_empleados.viewmodel.LoginViewModel): kotlin.Unit declared in com.example.gestor_empleados.ui.screens.login.LoginScreenKt' type=@[ExtensionFunctionType] kotlin.Function1<androidx.compose.foundation.layout.ColumnScope, kotlin.Unit> origin=INLINE_LAMBDA reflectionTarget=null
          $email$delegate: GET_VAR 'val email$delegate: androidx.compose.runtime.MutableState<kotlin.String> [val] declared in com.example.gestor_empleados.ui.screens.login.LoginScreenKt.LoginScreen' type=androidx.compose.runtime.MutableState<kotlin.String> origin=null
          $password$delegate: GET_VAR 'val password$delegate: androidx.compose.runtime.MutableState<kotlin.String> [val] declared in com.example.gestor_empleados.ui.screens.login.LoginScreenKt.LoginScreen' type=androidx.compose.runtime.MutableState<kotlin.String> origin=null
          $uiState$delegate: GET_VAR 'val uiState$delegate: androidx.compose.runtime.State<com.example.gestor_empleados.viewmodel.LoginUiState> [val] declared in com.example.gestor_empleados.ui.screens.login.LoginScreenKt.LoginScreen' type=androidx.compose.runtime.State<com.example.gestor_empleados.viewmodel.LoginUiState> origin=null
          $viewModel: GET_VAR 'val viewModel: com.example.gestor_empleados.viewmodel.LoginViewModel [val] declared in com.example.gestor_empleados.ui.screens.login.LoginScreenKt.LoginScreen' type=com.example.gestor_empleados.viewmodel.LoginViewModel origin=null

	at org.jetbrains.kotlin.backend.jvm.codegen.FunctionCodegen.generate(FunctionCodegen.kt:47)
	at org.jetbrains.kotlin.backend.jvm.codegen.FunctionCodegen.generate$default(FunctionCodegen.kt:40)
	at org.jetbrains.kotlin.backend.jvm.codegen.ClassCodegen.generateMethodNode(ClassCodegen.kt:406)
	at org.jetbrains.kotlin.backend.jvm.codegen.ClassCodegen.generateMethod(ClassCodegen.kt:423)
	at org.jetbrains.kotlin.backend.jvm.codegen.ClassCodegen.generate(ClassCodegen.kt:168)
	at org.jetbrains.kotlin.backend.jvm.FileCodegen.lower(JvmPhases.kt:39)
	at org.jetbrains.kotlin.backend.common.phaser.PhaseFactoriesKt.createFilePhase$lambda$4(PhaseFactories.kt:71)
	at org.jetbrains.kotlin.backend.common.phaser.PhaseBuildersKt$createSimpleNamedCompilerPhase$1.phaseBody(PhaseBuilders.kt:69)
	at org.jetbrains.kotlin.backend.common.phaser.SimpleNamedCompilerPhase.phaseBody(CompilerPhase.kt:226)
	at org.jetbrains.kotlin.backend.common.phaser.AbstractNamedCompilerPhase.invoke(CompilerPhase.kt:113)
	at org.jetbrains.kotlin.backend.common.phaser.PerformByIrFilePhase.invokeSequential(performByIrFile.kt:62)
	... 44 more
Caused by: org.jetbrains.kotlin.codegen.CompilationException: Back-end (JVM) Internal error: Couldn't inline method call: CALL 'public final fun viewModel$default <VM> (viewModelStoreOwner: androidx.lifecycle.ViewModelStoreOwner?, key: kotlin.String?, factory: androidx.lifecycle.ViewModelProvider.Factory?, extras: androidx.lifecycle.viewmodel.CreationExtras?, $mask0: kotlin.Int, $handler: kotlin.Any?): VM of androidx.lifecycle.viewmodel.compose.ViewModelKt.viewModel$default [inline] declared in androidx.lifecycle.viewmodel.compose.ViewModelKt' type=VM of androidx.lifecycle.viewmodel.compose.ViewModelKt.viewModel$default origin=DEFAULT_DISPATCH_CALL
Method: null
File is unknown
The root cause java.lang.IllegalStateException was thrown at: org.jetbrains.kotlin.codegen.inline.SourceCompilerForInlineKt.getMethodNode(SourceCompilerForInline.kt:118)
	at org.jetbrains.kotlin.codegen.inline.InlineCodegen.performInline(InlineCodegen.kt:65)
	at org.jetbrains.kotlin.backend.jvm.codegen.IrInlineCodegen.genInlineCall(IrInlineCodegen.kt:163)
	at org.jetbrains.kotlin.backend.jvm.codegen.IrInlineCallGenerator.genCall(IrInlineCallGenerator.kt:36)
	at org.jetbrains.kotlin.backend.jvm.codegen.ExpressionCodegen.visitCall(ExpressionCodegen.kt:653)
	at org.jetbrains.kotlin.backend.jvm.codegen.ExpressionCodegen.visitCall(ExpressionCodegen.kt:138)
	at org.jetbrains.kotlin.ir.expressions.IrCall.accept(IrCall.kt:24)
	at org.jetbrains.kotlin.backend.jvm.codegen.ExpressionCodegen.visitTypeOperator(ExpressionCodegen.kt:1127)
	at org.jetbrains.kotlin.backend.jvm.codegen.ExpressionCodegen.visitTypeOperator(ExpressionCodegen.kt:138)
	at org.jetbrains.kotlin.ir.expressions.IrTypeOperatorCall.accept(IrTypeOperatorCall.kt:26)
	at org.jetbrains.kotlin.backend.jvm.codegen.ExpressionCodegen.visitVariable(ExpressionCodegen.kt:790)
	at org.jetbrains.kotlin.backend.jvm.codegen.ExpressionCodegen.visitVariable(ExpressionCodegen.kt:138)
	at org.jetbrains.kotlin.ir.declarations.IrVariable.accept(IrVariable.kt:36)
	at org.jetbrains.kotlin.backend.jvm.codegen.ExpressionCodegen.visitStatementContainer(ExpressionCodegen.kt:579)
	at org.jetbrains.kotlin.backend.jvm.codegen.ExpressionCodegen.visitBlockBody(ExpressionCodegen.kt:584)
	at org.jetbrains.kotlin.backend.jvm.codegen.ExpressionCodegen.visitBlockBody(ExpressionCodegen.kt:138)
	at org.jetbrains.kotlin.ir.expressions.IrBlockBody.accept(IrBlockBody.kt:20)
	at org.jetbrains.kotlin.backend.jvm.codegen.ExpressionCodegen.generate(ExpressionCodegen.kt:240)
	at org.jetbrains.kotlin.backend.jvm.codegen.FunctionCodegen.doGenerate(FunctionCodegen.kt:123)
	at org.jetbrains.kotlin.backend.jvm.codegen.FunctionCodegen.generate(FunctionCodegen.kt:44)
	... 54 more
Caused by: java.lang.IllegalStateException: couldn't find inline method Landroidx/lifecycle/viewmodel/compose/ViewModelKt__ViewModelKt;.viewModel$default(Landroidx/lifecycle/ViewModelStoreOwner;Ljava/lang/String;Landroidx/lifecycle/ViewModelProvider$Factory;Landroidx/lifecycle/viewmodel/CreationExtras;ILjava/lang/Object;)Landroidx/lifecycle/ViewModel;
	at org.jetbrains.kotlin.codegen.inline.SourceCompilerForInlineKt.getMethodNode(SourceCompilerForInline.kt:118)
	at org.jetbrains.kotlin.codegen.inline.SourceCompilerForInlineKt.loadCompiledInlineFunction(SourceCompilerForInline.kt:96)
	at org.jetbrains.kotlin.backend.jvm.codegen.IrSourceCompilerForInline.compileInlineFunction(IrSourceCompilerForInline.kt:91)
	at org.jetbrains.kotlin.codegen.inline.InlineCodegen.compileInline(InlineCodegen.kt:43)
	at org.jetbrains.kotlin.codegen.inline.InlineCodegen.performInline(InlineCodegen.kt:51)
	... 72 more


